<?xml version="1.0" encoding="UTF-8"?>
<!-- Generated by org.testng.reporters.JUnitReportReporter -->
<testsuite hostname="DESKTOP-1S6H73A" failures="0" tests="1" name="testScripts.SendContactDetailsTest" time="16.610" errors="0" timestamp="2023-05-25T09:35:54 IST" skipped="0">
  <testcase classname="testScripts.SendContactDetailsTest" name="sendContactDetailsTest" time="16.610"/>
  <system-out/>
</testsuite> <!-- testScripts.SendContactDetailsTest -->
