<?xml version="1.0" encoding="UTF-8"?>
<!-- Generated by org.testng.reporters.JUnitReportReporter -->
<testsuite hostname="DESKTOP-1S6H73A" failures="0" tests="1" name="testScripts.AddToCartTest" time="9.357" errors="0" timestamp="2023-05-25T09:15:49 IST" skipped="0">
  <testcase classname="testScripts.AddToCartTest" name="addToCartTest" time="9.357"/>
  <system-out/>
</testsuite> <!-- testScripts.AddToCartTest -->
